[    0.000000] Linux version 4.15.0-212-generic (buildd@lcy02-amd64-083) (gcc version 7.5.0 (Ubuntu 7.5.0-3ubuntu1~18.04)) #223-Ubuntu SMP Tue May 23 13:09:22 UTC 2023 (Ubuntu 4.15.0-212.223-generic 4.15.18)
[    0.000000] Command line: BOOT_IMAGE=/boot/vmlinuz-4.15.0-212-generic root=LABEL=cloudimg-rootfs ro console=tty1 console=ttyS0
[    0.000000] KERNEL supported cpus:
[    0.000000]   Intel GenuineIntel
[    0.000000]   AMD AuthenticAMD
[    0.000000]   Centaur CentaurHauls
[    0.000000] x86/fpu: x87 FPU will use FXSAVE
[    0.000000] e820: BIOS-provided physical RAM map:
[    0.000000] BIOS-e820: [mem 0x0000000000000000-0x000000000009fbff] usable
[    0.000000] BIOS-e820: [mem 0x000000000009fc00-0x000000000009ffff] reserved
[    0.000000] BIOS-e820: [mem 0x00000000000f0000-0x00000000000fffff] reserved
[    0.000000] BIOS-e820: [mem 0x0000000000100000-0x000000003ffeffff] usable
[    0.000000] BIOS-e820: [mem 0x000000003fff0000-0x000000003fffffff] ACPI data
[    0.000000] BIOS-e820: [mem 0x00000000fec00000-0x00000000fec00fff] reserved
[    0.000000] BIOS-e820: [mem 0x00000000fee00000-0x00000000fee00fff] reserved
[    0.000000] BIOS-e820: [mem 0x00000000fffc0000-0x00000000ffffffff] reserved
[    0.000000] NX (Execute Disable) protection: active
[    0.000000] SMBIOS 2.5 present.
[    0.000000] DMI: innotek GmbH VirtualBox/VirtualBox, BIOS VirtualBox 12/01/2006
[    0.000000] Hypervisor detected: KVM
[    0.000000] e820: last_pfn = 0x3fff0 max_arch_pfn = 0x400000000
[    0.000000] MTRR: Disabled
[    0.000000] x86/PAT: MTRRs disabled, skipping PAT initialization too.
[    0.000000] CPU MTRRs all blank - virtualized system.
[    0.000000] x86/PAT: Configuration [0-7]: WB  WT  UC- UC  WB  WT  UC- UC  
[    0.000000] found SMP MP-table at [mem 0x0009fff0-0x0009ffff]
[    0.000000] Scanning 1 areas for low memory corruption
[    0.000000] RAMDISK: [mem 0x359cb000-0x36cdcfff]
[    0.000000] ACPI: Early table checksum verification disabled
[    0.000000] ACPI: RSDP 0x00000000000E0000 000024 (v02 VBOX  )
[    0.000000] ACPI: XSDT 0x000000003FFF0030 00003C (v01 VBOX   VBOXXSDT 00000001 ASL  00000061)
[    0.000000] ACPI: FACP 0x000000003FFF00F0 0000F4 (v04 VBOX   VBOXFACP 00000001 ASL  00000061)
[    0.000000] ACPI: DSDT 0x000000003FFF0610 002353 (v02 VBOX   VBOXBIOS 00000002 INTL 20100528)
[    0.000000] ACPI: FACS 0x000000003FFF0200 000040
[    0.000000] ACPI: FACS 0x000000003FFF0200 000040
[    0.000000] ACPI: APIC 0x000000003FFF0240 00005C (v02 VBOX   VBOXAPIC 00000001 ASL  00000061)
[    0.000000] ACPI: SSDT 0x000000003FFF02A0 00036C (v01 VBOX   VBOXCPUT 00000002 INTL 20100528)
[    0.000000] ACPI: Reserving FACP table memory at [mem 0x3fff00f0-0x3fff01e3]
[    0.000000] ACPI: Reserving DSDT table memory at [mem 0x3fff0610-0x3fff2962]
[    0.000000] ACPI: Reserving FACS table memory at [mem 0x3fff0200-0x3fff023f]
[    0.000000] ACPI: Reserving FACS table memory at [mem 0x3fff0200-0x3fff023f]
[    0.000000] ACPI: Reserving APIC table memory at [mem 0x3fff0240-0x3fff029b]
[    0.000000] ACPI: Reserving SSDT table memory at [mem 0x3fff02a0-0x3fff060b]
[    0.000000] No NUMA configuration found
[    0.000000] Faking a node at [mem 0x0000000000000000-0x000000003ffeffff]
[    0.000000] NODE_DATA(0) allocated [mem 0x3ffc5000-0x3ffeffff]
[    0.000000] kvm-clock: cpu 0, msr 0:3ff44001, primary cpu clock
[    0.000000] kvm-clock: Using msrs 4b564d01 and 4b564d00
[    0.000000] kvm-clock: using sched offset of 4214600335 cycles
[    0.000000] clocksource: kvm-clock: mask: 0xffffffffffffffff max_cycles: 0x1cd42e4dffb, max_idle_ns: 881590591483 ns
[    0.000000] Zone ranges:
[    0.000000]   DMA      [mem 0x0000000000001000-0x0000000000ffffff]
[    0.000000]   DMA32    [mem 0x0000000001000000-0x000000003ffeffff]
[    0.000000]   Normal   empty
[    0.000000]   Device   empty
[    0.000000] Movable zone start for each node
[    0.000000] Early memory node ranges
[    0.000000]   node   0: [mem 0x0000000000001000-0x000000000009efff]
[    0.000000]   node   0: [mem 0x0000000000100000-0x000000003ffeffff]
[    0.000000] Reserved but unavailable: 104 pages
[    0.000000] Initmem setup node 0 [mem 0x0000000000001000-0x000000003ffeffff]
[    0.000000] ACPI: PM-Timer IO Port: 0x4008
[    0.000000] IOAPIC[0]: apic_id 2, version 32, address 0xfec00000, GSI 0-23
[    0.000000] ACPI: INT_SRC_OVR (bus 0 bus_irq 0 global_irq 2 dfl dfl)
[    0.000000] ACPI: INT_SRC_OVR (bus 0 bus_irq 9 global_irq 9 low level)
[    0.000000] Using ACPI (MADT) for SMP configuration information
[    0.000000] smpboot: Allowing 2 CPUs, 0 hotplug CPUs
[    0.000000] PM: Registered nosave memory: [mem 0x00000000-0x00000fff]
[    0.000000] PM: Registered nosave memory: [mem 0x0009f000-0x0009ffff]
[    0.000000] PM: Registered nosave memory: [mem 0x000a0000-0x000effff]
[    0.000000] PM: Registered nosave memory: [mem 0x000f0000-0x000fffff]
[    0.000000] e820: [mem 0x40000000-0xfebfffff] available for PCI devices
[    0.000000] Booting paravirtualized kernel on KVM
[    0.000000] clocksource: refined-jiffies: mask: 0xffffffff max_cycles: 0xffffffff, max_idle_ns: 7645519600211568 ns
[    0.000000] setup_percpu: NR_CPUS:8192 nr_cpumask_bits:2 nr_cpu_ids:2 nr_node_ids:1
[    0.000000] percpu: Embedded 50 pages/cpu s167936 r8192 d28672 u1048576
[    0.000000] PV qspinlock hash table entries: 256 (order: 0, 4096 bytes)
[    0.000000] Built 1 zonelists, mobility grouping on.  Total pages: 257913
[    0.000000] Policy zone: DMA32
[    0.000000] Kernel command line: BOOT_IMAGE=/boot/vmlinuz-4.15.0-212-generic root=LABEL=cloudimg-rootfs ro console=tty1 console=ttyS0
[    0.000000] Memory: 982644K/1048120K available (12300K kernel code, 2477K rwdata, 4324K rodata, 2480K init, 2720K bss, 65476K reserved, 0K cma-reserved)
[    0.000000] SLUB: HWalign=64, Order=0-3, MinObjects=0, CPUs=2, Nodes=1
[    0.000000] Kernel/User page tables isolation: enabled
[    0.000000] ftrace: allocating 39508 entries in 155 pages
[    0.004000] Hierarchical RCU implementation.
[    0.004000] 	RCU restricting CPUs from NR_CPUS=8192 to nr_cpu_ids=2.
[    0.004000] 	Tasks RCU enabled.
[    0.004000] RCU: Adjusting geometry for rcu_fanout_leaf=16, nr_cpu_ids=2
[    0.004000] NR_IRQS: 524544, nr_irqs: 440, preallocated irqs: 16
[    0.004000] random: crng init done
[    0.004000] Console: colour VGA+ 80x25
[    0.004000] console [tty1] enabled
[    0.004000] console [ttyS0] enabled
[    0.004000] ACPI: Core revision 20170831
[    0.004000] ACPI: 2 ACPI AML tables successfully acquired and loaded
[    0.004000] APIC: Switch to symmetric I/O mode setup
[    0.008000] ..TIMER: vector=0x30 apic1=0 pin1=2 apic2=-1 pin2=-1
[    0.008006] tsc: Detected 2903.998 MHz processor
[    0.012010] Calibrating delay loop (skipped) preset value.. 5807.99 BogoMIPS (lpj=11615992)
[    0.016006] pid_max: default: 32768 minimum: 301
[    0.020088] Security Framework initialized
[    0.024004] Yama: becoming mindful.
[    0.028105] AppArmor: AppArmor initialized
[    0.037927] Dentry cache hash table entries: 131072 (order: 8, 1048576 bytes)
[    0.042440] Inode-cache hash table entries: 65536 (order: 7, 524288 bytes)
[    0.044124] Mount-cache hash table entries: 2048 (order: 2, 16384 bytes)
[    0.048086] Mountpoint-cache hash table entries: 2048 (order: 2, 16384 bytes)
[    0.054513] Last level iTLB entries: 4KB 64, 2MB 8, 4MB 8
[    0.056003] Last level dTLB entries: 4KB 64, 2MB 0, 4MB 0, 1GB 4
[    0.060004] Spectre V1 : Mitigation: usercopy/swapgs barriers and __user pointer sanitization
[    0.064005] Spectre V2 : Mitigation: Retpolines
[    0.068005] Spectre V2 : Spectre v2 / SpectreRSB mitigation: Filling RSB on context switch
[    0.072005] Spectre V2 : Spectre v2 / SpectreRSB : Filling RSB on VMEXIT
[    0.076004] RETBleed: WARNING: Spectre v2 mitigation leaves CPU vulnerable to RETBleed attacks, data leaks possible!
[    0.080003] RETBleed: Vulnerable
[    0.084003] Speculative Store Bypass: Vulnerable
[    0.088092] MDS: Mitigation: Clear CPU buffers
[    0.092002] MMIO Stale Data: Mitigation: Clear CPU buffers
[    0.096003] SRBDS: Unknown: Dependent on hypervisor status
[    0.100177] Freeing SMP alternatives memory: 36K
[    0.221715] APIC calibration not consistent with PM-Timer: 102ms instead of 100ms
[    0.224000] APIC delta adjusted to PM-Timer: 6293648 (6455405)
[    0.224494] smpboot: CPU0: Intel(R) Core(TM) i7-7500U CPU @ 2.70GHz (family: 0x6, model: 0x8e, stepping: 0x9)
[    0.228564] Performance Events: unsupported p6 CPU model 142 no PMU driver, software events only.
[    0.236060] Hierarchical SRCU implementation.
[    0.240857] NMI watchdog: Perf event create on CPU 0 failed with -2
[    0.244002] NMI watchdog: Perf NMI watchdog permanently disabled
[    0.248421] smp: Bringing up secondary CPUs ...
[    0.253130] x86: Booting SMP configuration:
[    0.256003] .... node  #0, CPUs:      #1
[    0.004000] kvm-clock: cpu 1, msr 0:3ff44041, secondary cpu clock
[    0.272000] TSC synchronization [CPU#0 -> CPU#1]:
[    0.272000] Measured 130428 cycles TSC warp between CPUs, turning off TSC clock.
[    0.272000] tsc: Marking TSC unstable due to check_tsc_sync_source failed
[    0.276356] smp: Brought up 1 node, 2 CPUs
[    0.280009] smpboot: Max logical packages: 1
[    0.284005] smpboot: Total of 2 processors activated (11615.99 BogoMIPS)
[    0.288693] devtmpfs: initialized
[    0.292115] x86/mm: Memory block size: 128MB
[    0.296463] evm: security.selinux
[    0.300002] evm: security.SMACK64
[    0.304002] evm: security.SMACK64EXEC
[    0.308002] evm: security.SMACK64TRANSMUTE
[    0.312002] evm: security.SMACK64MMAP
[    0.316002] evm: security.apparmor
[    0.320002] evm: security.ima
[    0.324002] evm: security.capability
[    0.328444] clocksource: jiffies: mask: 0xffffffff max_cycles: 0xffffffff, max_idle_ns: 7645041785100000 ns
[    0.336013] futex hash table entries: 512 (order: 3, 32768 bytes)
[    0.340442] pinctrl core: initialized pinctrl subsystem
[    0.348281] RTC time: 23:14:20, date: 04/05/24
[    0.353325] NET: Registered protocol family 16
[    0.356133] audit: initializing netlink subsys (disabled)
[    0.360230] audit: type=2000 audit(1712358865.582:1): state=initialized audit_enabled=0 res=1
[    0.372006] cpuidle: using governor ladder
[    0.376008] cpuidle: using governor menu
[    0.380069] ACPI: bus type PCI registered
[    0.384007] acpiphp: ACPI Hot Plug PCI Controller Driver version: 0.5
[    0.388676] PCI: Using configuration type 1 for base access
[    0.400376] HugeTLB registered 2.00 MiB page size, pre-allocated 0 pages
[    0.408762] ACPI: Added _OSI(Module Device)
[    0.412016] ACPI: Added _OSI(Processor Device)
[    0.416010] ACPI: Added _OSI(3.0 _SCP Extensions)
[    0.420009] ACPI: Added _OSI(Processor Aggregator Device)
[    0.424010] ACPI: Added _OSI(Linux-Dell-Video)
[    0.428012] ACPI: Added _OSI(Linux-Lenovo-NV-HDMI-Audio)
[    0.432009] ACPI: Added _OSI(Linux-HPI-Hybrid-Graphics)
[    0.437244] ACPI: Executed 1 blocks of module-level executable AML code
[    0.446113] ACPI: Interpreter enabled
[    0.448027] ACPI: (supports S0 S5)
[    0.452007] ACPI: Using IOAPIC for interrupt routing
[    0.456784] PCI: Using host bridge windows from ACPI; if necessary, use "pci=nocrs" and report a bug
[    0.460421] ACPI: Enabled 2 GPEs in block 00 to 07
[    0.476380] ACPI: PCI Root Bridge [PCI0] (domain 0000 [bus 00-ff])
[    0.480007] acpi PNP0A03:00: _OSC: OS supports [ASPM ClockPM Segments MSI]
[    0.484856] acpi PNP0A03:00: _OSC: not requesting OS control; OS requires [ExtendedConfig ASPM ClockPM MSI]
[    0.488018] acpi PNP0A03:00: fail to add MMCONFIG information, can't access extended PCI configuration space under this bridge.
[    0.496215] PCI host bridge to bus 0000:00
[    0.500005] pci_bus 0000:00: root bus resource [io  0x0000-0x0cf7 window]
[    0.504004] pci_bus 0000:00: root bus resource [io  0x0d00-0xffff window]
[    0.508004] pci_bus 0000:00: root bus resource [mem 0x000a0000-0x000bffff window]
[    0.512007] pci_bus 0000:00: root bus resource [mem 0x40000000-0xfdffffff window]
[    0.516006] pci_bus 0000:00: root bus resource [bus 00-ff]
[    0.528814] pci 0000:00:01.1: legacy IDE quirk: reg 0x10: [io  0x01f0-0x01f7]
[    0.532005] pci 0000:00:01.1: legacy IDE quirk: reg 0x14: [io  0x03f6]
[    0.536004] pci 0000:00:01.1: legacy IDE quirk: reg 0x18: [io  0x0170-0x0177]
[    0.540004] pci 0000:00:01.1: legacy IDE quirk: reg 0x1c: [io  0x0376]
[    0.570323] pci 0000:00:07.0: quirk: [io  0x4000-0x403f] claimed by PIIX4 ACPI
[    0.572045] pci 0000:00:07.0: quirk: [io  0x4100-0x410f] claimed by PIIX4 SMB
[    0.592476] ACPI: PCI Interrupt Link [LNKA] (IRQs 5 9 10 *11)
[    0.596686] ACPI: PCI Interrupt Link [LNKB] (IRQs 5 9 *10 11)
[    0.600250] ACPI: PCI Interrupt Link [LNKC] (IRQs 5 *9 10 11)
[    0.604243] ACPI: PCI Interrupt Link [LNKD] (IRQs 5 9 10 *11)
[    0.608912] SCSI subsystem initialized
[    0.616140] pci 0000:00:02.0: vgaarb: setting as boot VGA device
[    0.620000] pci 0000:00:02.0: vgaarb: VGA device added: decodes=io+mem,owns=io+mem,locks=none
[    0.620006] pci 0000:00:02.0: vgaarb: bridge control possible
[    0.624004] vgaarb: loaded
[    0.628125] ACPI: bus type USB registered
[    0.632031] usbcore: registered new interface driver usbfs
[    0.636049] usbcore: registered new interface driver hub
[    0.640019] usbcore: registered new device driver usb
[    0.644298] EDAC MC: Ver: 3.0.0
[    0.652241] PCI: Using ACPI for IRQ routing
[    0.656966] NetLabel: Initializing
[    0.660002] NetLabel:  domain hash size = 128
[    0.664002] NetLabel:  protocols = UNLABELED CIPSOv4 CALIPSO
[    0.668024] NetLabel:  unlabeled traffic allowed by default
[    0.672257] clocksource: Switched to clocksource kvm-clock
[    0.682248] VFS: Disk quotas dquot_6.6.0
[    0.682248] VFS: Dquot-cache hash table entries: 512 (order 0, 4096 bytes)
[    0.682248] AppArmor: AppArmor Filesystem Enabled
[    0.744263] pnp: PnP ACPI init
[    0.748172] pnp: PnP ACPI: found 3 devices
[    0.803412] clocksource: acpi_pm: mask: 0xffffff max_cycles: 0xffffff, max_idle_ns: 2085701024 ns
[    0.804134] NET: Registered protocol family 2
[    0.804134] IP idents hash table entries: 16384 (order: 5, 131072 bytes)
[    0.826314] TCP established hash table entries: 8192 (order: 4, 65536 bytes)
[    0.834501] TCP bind hash table entries: 8192 (order: 5, 131072 bytes)
[    0.842465] TCP: Hash tables configured (established 8192 bind 8192)
[    0.845745] UDP hash table entries: 512 (order: 2, 16384 bytes)
[    0.845745] UDP-Lite hash table entries: 512 (order: 2, 16384 bytes)
[    0.845745] NET: Registered protocol family 1
[    0.845745] pci 0000:00:00.0: Limiting direct PCI/PCI transfers
[    0.845745] pci 0000:00:01.0: Activating ISA DMA hang workarounds
[    0.845745] pci 0000:00:02.0: Video device with shadowed ROM at [mem 0x000c0000-0x000dffff]
[    0.845745] Unpacking initramfs...
[    1.540939] Freeing initrd memory: 19528K
[    1.548841] clocksource: tsc: mask: 0xffffffffffffffff max_cycles: 0x29dc03c1beb, max_idle_ns: 440795205215 ns
[    1.562593] platform rtc_cmos: registered platform RTC device (no PNP device found)
[    1.573146] Scanning for low memory corruption every 60 seconds
[    1.585014] Initialise system trusted keyrings
[    1.591567] Key type blacklist registered
[    1.598376] workingset: timestamp_bits=36 max_order=18 bucket_order=0
[    1.611553] zbud: loaded
[    1.618070] squashfs: version 4.0 (2009/01/31) Phillip Lougher
[    1.628207] fuse init (API version 7.26)
[    1.664676] Key type asymmetric registered
[    1.670832] Asymmetric key parser 'x509' registered
[    1.677726] Block layer SCSI generic (bsg) driver version 0.4 loaded (major 246)
[    1.689964] io scheduler noop registered
[    1.695890] io scheduler deadline registered
[    1.702371] io scheduler cfq registered (default)
[    1.710593] ACPI: AC Adapter [AC] (on-line)
[    1.716676] input: Power Button as /devices/LNXSYSTM:00/LNXPWRBN:00/input/input0
[    1.726835] ACPI: Power Button [PWRF]
[    1.732643] input: Sleep Button as /devices/LNXSYSTM:00/LNXSLPBN:00/input/input1
[    1.744185] ACPI: Sleep Button [SLPF]
[    1.751807] Serial: 8250/16550 driver, 32 ports, IRQ sharing enabled
[    1.753946] ACPI: Battery Slot [BAT0] (battery present)
[    1.797276] 00:02: ttyS0 at I/O 0x3f8 (irq = 4, base_baud = 115200) is a 16550A
[    1.811517] Linux agpgart interface v0.103
[    1.825379] loop: module loaded
[    1.836449] scsi host0: ata_piix
[    1.841747] scsi host1: ata_piix
[    1.847053] ata1: PATA max UDMA/33 cmd 0x1f0 ctl 0x3f6 bmdma 0xd000 irq 14
[    1.856478] ata2: PATA max UDMA/33 cmd 0x170 ctl 0x376 bmdma 0xd008 irq 15
[    1.866922] tun: Universal TUN/TAP device driver, 1.6
[    1.874059] PPP generic driver version 2.4.2
[    1.879898] ehci_hcd: USB 2.0 'Enhanced' Host Controller (EHCI) Driver
[    1.883763] ehci-pci: EHCI PCI platform driver
[    1.883763] ehci-platform: EHCI generic platform driver
[    1.883763] ohci_hcd: USB 1.1 'Open' Host Controller (OHCI) Driver
[    1.883763] ohci-pci: OHCI PCI platform driver
[    1.883763] ohci-platform: OHCI generic platform driver
[    1.883763] uhci_hcd: USB Universal Host Controller Interface driver
[    1.883763] i8042: PNP: PS/2 Controller [PNP0303:PS2K,PNP0f03:PS2M] at 0x60,0x64 irq 1,12
[    1.883763] serio: i8042 KBD port at 0x60,0x64 irq 1
[    1.883763] serio: i8042 AUX port at 0x60,0x64 irq 12
[    1.883763] mousedev: PS/2 mouse device common for all mice
[    1.968916] rtc_cmos rtc_cmos: rtc core: registered rtc_cmos as rtc0
[    1.978760] rtc_cmos rtc_cmos: alarms up to one day, 114 bytes nvram
[    1.988221] i2c /dev entries driver
[    1.994273] device-mapper: uevent: version 1.0.3
[    2.001954] device-mapper: ioctl: 4.37.0-ioctl (2017-09-20) initialised: dm-devel@redhat.com
[    2.015681] ledtrig-cpu: registered to indicate activity on CPUs
[    2.025626] input: AT Translated Set 2 keyboard as /devices/platform/i8042/serio0/input/input2
[    2.038533] NET: Registered protocol family 10
[    2.118557] Segment Routing with IPv6
[    2.124244] NET: Registered protocol family 17
[    2.131547] Key type dns_resolver registered
[    2.139441] mce: Using 0 MCE banks
[    2.145165] RAS: Correctable Errors collector initialized.
[    2.154233] sched_clock: Marking stable (2154078632, 0)->(3290855268, -1136776636)
[    2.170628] registered taskstats version 1
[    2.177137] Loading compiled-in X.509 certificates
[    2.191038] Loaded X.509 cert 'Build time autogenerated kernel key: b5b26778eaa3ab3a4a6cee031137706e947d12ad'
[    2.204657] Loaded X.509 cert 'Canonical Ltd. Live Patch Signing: 14df34d1a87cf37625abec039ef2bf521249b969'
[    2.218339] Loaded X.509 cert 'Canonical Ltd. Kernel Module Signing: 88f752e560a1e0737e31163a466ad7b70a850c19'
[    2.231814] blacklist: Loading compiled-in revocation X.509 certificates
[    2.240569] Loaded X.509 cert 'Canonical Ltd. Secure Boot Signing: 61482aa2830d0ab2ad5af10b7250da9033ddcef0'
[    2.253161] Loaded X.509 cert 'Canonical Ltd. Secure Boot Signing (2017): 242ade75ac4a15e50d50c84b0d45ff3eae707a03'
[    2.268626] Loaded X.509 cert 'Canonical Ltd. Secure Boot Signing (ESM 2018): 365188c1d374d6b07c3c8f240f8ef722433d6a8b'
[    2.284643] Loaded X.509 cert 'Canonical Ltd. Secure Boot Signing (2019): c0746fd6c5da3ae827864651ad66ae47fe24b3e8'
[    2.299416] Loaded X.509 cert 'Canonical Ltd. Secure Boot Signing (2021 v1): a8d54bbb3825cfb94fa13c9f8a594a195c107b8d'
[    2.313604] Loaded X.509 cert 'Canonical Ltd. Secure Boot Signing (2021 v2): 4cf046892d6fd3c9a5b03f98d845f90851dc6a8c'
[    2.328108] Loaded X.509 cert 'Canonical Ltd. Secure Boot Signing (2021 v3): 100437bb6de6e469b581e61cd66bce3ef4ed53af'
[    2.342193] Loaded X.509 cert 'Canonical Ltd. Secure Boot Signing (Ubuntu Core 2019): c1d57b8f6b743f23ee41f4f7ee292f06eecadfb9'
[    2.357961] zswap: loaded using pool lzo/zbud
[    2.379688] Key type big_key registered
[    2.385558] Key type trusted registered
[    2.397219] Key type encrypted registered
[    2.402834] AppArmor: AppArmor sha1 policy hashing enabled
[    2.410346] ima: No TPM chip found, activating TPM-bypass! (rc=-19)
[    2.418870] ima: Allocated hash algorithm: sha1
[    2.425305] evm: HMAC attrs: 0x1
[    2.431128]   Magic number: 4:970:250
[    2.437354] rtc_cmos rtc_cmos: setting system clock to 2024-04-05 23:14:22 UTC (1712358862)
[    2.449209] BIOS EDD facility v0.16 2004-Jun-25, 0 devices found
[    2.457159] EDD information not available.
[    2.469723] Freeing unused kernel image memory: 2480K
[    2.492729] Write protecting the kernel read-only data: 20480k
[    2.502861] Freeing unused kernel image memory: 2008K
[    2.512069] Freeing unused kernel image memory: 1820K
[    2.529638] x86/mm: Checked W+X mappings: passed, no W+X pages found.
[    2.538461] x86/mm: Checking user space page tables
[    2.555359] x86/mm: Checked W+X mappings: passed, no W+X pages found.
Loading, please wait...
starting version 237
[    2.719508] Fusion MPT base driver 3.04.20
[    2.723679] e1000: Intel(R) PRO/1000 Network Driver - version 7.3.21-k8-NAPI
[    2.725342] Copyright (c) 1999-2008 LSI Corporation
[    2.736375] e1000: Copyright (c) 1999-2006 Intel Corporation.
[    2.832134] Fusion MPT SPI Host driver 3.04.20
[    2.842195] SSE version of gcm_enc/dec engaged.
[    3.055180] input: ImExPS/2 Generic Explorer Mouse as /devices/platform/i8042/serio1/input/input4
[    3.650569] e1000 0000:00:03.0 eth0: (PCI:33MHz:32-bit) 02:3b:7b:b7:3b:2d
[    3.662337] e1000 0000:00:03.0 eth0: Intel(R) PRO/1000 Network Connection
[    3.675108] mptbase: ioc0: Initiating bringup
[    4.544308] ioc0: LSI53C1030 A0: Capabilities={Initiator}
[    5.618112] scsi host2: ioc0: LSI53C1030 A0, FwRev=00000000h, Ports=1, MaxQ=256, IRQ=20
[    5.851678] scsi 2:0:0:0: Direct-Access     VBOX     HARDDISK         1.0  PQ: 0 ANSI: 5
[    5.892429] scsi target2:0:0: Beginning Domain Validation
[    5.907959] scsi target2:0:0: Domain Validation skipping write tests
[    5.915091] scsi target2:0:0: Ending Domain Validation
[    5.921369] scsi target2:0:0: asynchronous
[    5.932372] scsi 2:0:1:0: Direct-Access     VBOX     HARDDISK         1.0  PQ: 0 ANSI: 5
[    6.292565] scsi target2:0:1: Beginning Domain Validation
[    6.308967] scsi target2:0:1: Domain Validation skipping write tests
[    6.317008] scsi target2:0:1: Ending Domain Validation
[    6.325010] scsi target2:0:1: asynchronous
[    6.357833] sd 2:0:0:0: Attached scsi generic sg0 type 0
[    6.364229] sd 2:0:1:0: Attached scsi generic sg1 type 0
[    6.368776] sd 2:0:1:0: [sdb] 20480 512-byte logical blocks: (10.5 MB/10.0 MiB)
[    6.380202] sd 2:0:1:0: [sdb] Write Protect is off
[    6.386646] sd 2:0:0:0: [sda] 83886080 512-byte logical blocks: (42.9 GB/40.0 GiB)
[    6.397388] sd 2:0:1:0: [sdb] Incomplete mode parameter data
[    6.403647] sd 2:0:1:0: [sdb] Assuming drive cache: write through
[    6.410691] sd 2:0:0:0: [sda] Write Protect is off
[    6.417572] sd 2:0:0:0: [sda] Incomplete mode parameter data
[    6.424009] sd 2:0:0:0: [sda] Assuming drive cache: write through
[    6.453289]  sda: sda1
[    6.460465] sd 2:0:1:0: [sdb] Attached SCSI disk
[    6.467562] sd 2:0:0:0: [sda] Attached SCSI disk
[    6.652000] e1000 0000:00:08.0 eth1: (PCI:33MHz:32-bit) 08:00:27:0a:a3:4d
[    6.659235] e1000 0000:00:08.0 eth1: Intel(R) PRO/1000 Network Connection
[    6.669587] e1000 0000:00:08.0 enp0s8: renamed from eth1
[    7.744926] e1000 0000:00:03.0 enp0s3: renamed from eth0
Begin: Loading essential drivers ... [   10.060920] raid6: sse2x1   gen() 11876 MB/s
[   10.112184] raid6: sse2x1   xor()  7435 MB/s
[   10.164273] raid6: sse2x2   gen() 10824 MB/s
[   10.216779] raid6: sse2x2   xor()  7978 MB/s
[   10.268386] raid6: sse2x4   gen() 13163 MB/s
[   10.320083] raid6: sse2x4   xor()  7432 MB/s
[   10.326310] raid6: using algorithm sse2x4 gen() 13163 MB/s
[   10.332419] raid6: .... xor() 7432 MB/s, rmw enabled
[   10.338246] raid6: using ssse3x2 recovery algorithm
[   10.345513] xor: measuring software checksum speed
[   10.389397]    prefetch64-sse: 18960.000 MB/sec
[   10.436756]    generic_sse: 12929.000 MB/sec
[   10.442719] xor: using function: prefetch64-sse (18960.000 MB/sec)
[   10.454424] async_tx: api initialized (async)
done.
Begin: Running /scripts/init-premount ... done.
Begin: Mounting root file system ... Begin: Running /scripts/local-top ... done.
Begin: Running /scripts/local-premount ... [   10.551046] Btrfs loaded, crc32c=crc32c-intel
Scanning for Btrfs filesystems
done.
Warning: fsck not present, so skipping root file system
[   10.633147] EXT4-fs (sda1): mounted filesystem with ordered data mode. Opts: (null)
done.
Begin: Running /scripts/local-bottom ... done.
Begin: Running /scripts/init-bottom ... done.
[   11.002351] ip_tables: (C) 2000-2006 Netfilter Core Team
[   11.033376] systemd[1]: systemd 237 running in system mode. (+PAM +AUDIT +SELINUX +IMA +APPARMOR +SMACK +SYSVINIT +UTMP +LIBCRYPTSETUP +GCRYPT +GNUTLS +ACL +XZ +LZ4 +SECCOMP +BLKID +ELFUTILS +KMOD -IDN2 +IDN -PCRE2 default-hierarchy=hybrid)
[   11.061083] systemd[1]: Detected virtualization oracle.
[   11.068707] systemd[1]: Detected architecture x86-64.

Welcome to [1mUbuntu 18.04.6 LTS[0m!

[   11.119395] systemd[1]: Set hostname to <ubuntu>.
[   11.134620] systemd[1]: Initializing machine ID from random generator.
[   11.144637] systemd[1]: Installed transient /etc/machine-id file.
[   11.575304] systemd[1]: Reached target Swap.
[[0;32m  OK  [0m] Reached target Swap.
[   11.587594] systemd[1]: Set up automount Arbitrary Executable File Formats File System Automount Point.
[[0;32m  OK  [0m] Set up automount Arbitrary Executab…rmats File System Automount Point.
[   11.607850] systemd[1]: Started Forward Password Requests to Wall Directory Watch.
[[0;32m  OK  [0m] Started Forward Password Requests to Wall Directory Watch.
[   11.625951] systemd[1]: Reached target User and Group Name Lookups.
[[0;32m  OK  [0m] Reached target User and Group Name Lookups.
[[0;32m  OK  [0m] Reached target Mounting snaps.
[[0;32m  OK  [0m] Reached target Mounted snaps.
[[0;32m  OK  [0m] Created slice System Slice.
[[0;32m  OK  [0m] Listening on Journal Socket.
[[0;32m  OK  [0m] Listening on Journal Audit Socket.
         Starting Uncomplicated firewall...
[[0;32m  OK  [0m] Listening on Syslog Socket.
         Mounting Kernel Debug File System...
[[0;32m  OK  [0m] Created slice system-serial\x2dgetty.slice.
[[0;32m  OK  [0m] Listening on LVM2 metadata daemon socket.
[[0;32m  OK  [0m] Listening on fsck to fsckd communication Socket.
         Starting Load Kernel Modules...
         Mounting Huge Pages File System...
[[0;32m  OK  [0m] Listening on udev Kernel Socket.
[[0;32m  OK  [0m] Listening on Device-mapper event daemon FIFOs.[   11.762804] Loading iSCSI transport class v2.0-870.

         Starting Monitoring of LVM2 mirrors…ng dmeventd or progress polling...
         Starting Set the console keyboard layout...
         Mounting POSIX Message Queue File System...
[   11.816897] iscsi: registered transport (tcp)
[[0;32m  OK  [0m] Listening on /dev/initctl Compatibility Named Pipe.
         Starting Create list of required st…ce nodes for the current kernel...
         Starting File System Check on Root Device...
[[0;32m  OK  [0m] Listening on LVM2 poll daemon socket.
[[0;32m  OK  [0m] Listening on Journal Socket (/dev/log).
[[0;32m  OK  [0m] Listening on udev Control Socket.
[[0;32m  OK  [0m] Listening on Network Service Netlink Socket.
         Starting udev Coldplug all Devices...
         Starting Journal Service...
[[0;32m  OK  [0m] Reached target System Time Synchronized.
[[0;32m  OK  [0m] Created slice User and Session Slice.
[[0;32m  OK  [0m] Reached target Slices.
[[0;32m  OK  [0m] Started Uncomplicated firewall.
[[0;32m  OK  [0m] Mounted Kernel Debug File System.
[[0;32m  OK  [0m] Mounted Huge Pages File System.
[[0;32m  OK  [0m] Mounted POSIX Message Queue File System.
[[0;32m  OK  [0m] Started Create list of required sta…vice nodes for the current kernel.
[[0;32m  OK  [0m] Started File System Check on Root Device.
[[0;32m  OK  [0m[   12.142479] iscsi: registered transport (iser)
] Started LVM2 metadata daemon.
[[0;32m  OK  [0m] Started File System Check Daemon to report status.
         Starting Remount Root and Kernel File Systems...
         Starting Create Static Device Nodes in /dev...
[[0;32m  OK  [0m] Started Load Kernel Modules.
         Mounting Kernel Configuration File System...
         Mounting FUSE Control File System...
         Starting Apply Kernel Variables...[   12.244863] EXT4-fs (sda1): re-mounted. Opts: (null)

[[0;32m  OK  [0m] Started Monitoring of LVM2 mirrors,…sing dmeventd or progress polling.
[[0;32m  OK  [0m] Started Remount Root and Kernel File Systems.
[[0;32m  OK  [0m] Mounted Kernel Configuration File System.
[[0;32m  OK  [0m] Mounted FUSE Control File System.
         Starting Load/Save Random Seed...
[[0;32m  OK  [0m] Started udev Coldplug all Devices.
[[0;32m  OK  [0m] Started Journal Service.
[[0;32m  OK  [0m] Started Create Static Device Nodes in /dev.
         Starting udev Kernel Device Manager...
         Starting Flush Journal to Persistent Storage...
[[0;32m  OK  [0m] Started Apply Kernel Variables.
[[0;32m  OK  [0m] Started Load/Save Random Seed.
[[0;32m  OK  [0m] Started udev Kernel Device Manager.
[[0;32m  OK  [0m] Started Flush Journal to Persistent Storage.
[[0;32m  OK  [0m] Found device /dev/ttyS0.
[[0;32m  OK  [0m] Listening on Load/Save RF Kill Switch Status /dev/rfkill Watch.
[[0;32m  OK  [0m] Started Set the console keyboard layout.
[[0;32m  OK  [0m] Started Dispatch Password Requests to Console Directory Watch.
[[0;32m  OK  [0m] Reached target Local Encrypted Volumes.
[[0;32m  OK  [0m] Reached target Local File Systems (Pre).
[[0;32m  OK  [0m] Reached target Local File Systems.
         Starting AppArmor initialization...
         Starting ebtables ruleset management...
         Starting Commit a transient machine-id on disk...
         Starting Create Volatile Files and Directories...
         Starting Tell Plymouth To Write Out Runtime Data...
         Starting Set console font and keymap...
[[0;32m  OK  [0m] Started Tell Plymouth To Write Out Runtime Data.
[[0;32m  OK  [0m] Started Create Volatile Files and Directories.
         Starting Update UTMP about System Boot/Shutdown...
[[0;32m  OK  [0m] Started Update UTMP about System Boot/Shutdown.
[[0;32m  OK  [0m] Started ebtables ruleset management.
[[0;32m  OK  [0m] Started Commit a transient machine-id on disk.
         Mounting Arbitrary Executable File Formats File System...
[[0;32m  OK  [0m] Mounted Arbitrary Executable File Formats File System.
[[0;32m  OK  [0m] Started AppArmor initialization.
         Starting Load AppArmor profiles managed internally by snapd...
         Starting Initial cloud-init job (pre-networking)...
[[0;32m  OK  [0m] Started Load AppArmor profiles managed internally by snapd.
[[0;32m  OK  [0m] Started Set console font and keymap.
[   17.544406] cloud-init[756]: Cloud-init v. 23.1.2-0ubuntu0~18.04.1 running 'init-local' at Fri, 05 Apr 2024 23:14:37 +0000. Up 17.02 seconds.
[[0;32m  OK  [0m] Started Initial cloud-init job (pre-networking).
[[0;32m  OK  [0m] Reached target Network (Pre).
         Starting Network Service...
[[0;32m  OK  [0m] Started Network Service.
         Starting Network Name Resolution...
         Starting Wait for Network to be Configured...
[[0;32m  OK  [0m] Started Network Name Resolution.
[[0;32m  OK  [0m] Reached target Network.
[[0;32m  OK  [0m] Reached target Host and Network Name Lookups.
[[0;32m  OK  [0m] Started Wait for Network to be Configured.
         Starting Initial cloud-init job (metadata service crawler)...
[   20.091426] cloud-init[885]: Cloud-init v. 23.1.2-0ubuntu0~18.04.1 running 'init' at Fri, 05 Apr 2024 23:14:40 +0000. Up 19.95 seconds.
[   20.096050] cloud-init[885]: ci-info: ++++++++++++++++++++++++++++++++++++++Net device info+++++++++++++++++++++++++++++++++++++++
[   20.100892] cloud-init[885]: ci-info: +--------+-------+----------------------------+---------------+--------+-------------------+
[   20.105629] cloud-init[885]: ci-info: | Device |   Up  |          Address           |      Mask     | Scope  |     Hw-Address    |
[   20.110772] cloud-init[885]: ci-info: +--------+-------+----------------------------+---------------+--------+-------------------+
[   20.116063] cloud-init[885]: ci-info: | enp0s3 |  True |         10.0.2.15          | 255.255.255.0 | global | 02:3b:7b:b7:3b:2d |
[   20.123757] cloud-init[885]: ci-info: | enp0s3 |  True | fe80::3b:7bff:feb7:3b2d/64 |       .       |  link  | 02:3b:7b:b7:3b:2d |
[   20.129924] cloud-init[885]: ci-info: | enp0s8 | False |             .              |       .       |   .    | 08:00:27:0a:a3:4d |
[   20.135754] cloud-init[885]: ci-info: |   lo   |  True |         127.0.0.1          |   255.0.0.0   |  host  |         .         |
[   20.141458] cloud-init[885]: ci-info: |   lo   |  True |          ::1/128           |       .       |  host  |         .         |
[   20.147556] cloud-init[885]: ci-info: +--------+-------+----------------------------+---------------+--------+-------------------+
[   20.155314] cloud-init[885]: ci-info: ++++++++++++++++++++++++++++Route IPv4 info+++++++++++++++++++++++++++++
[   20.159856] cloud-init[885]: ci-info: +-------+-------------+----------+-----------------+-----------+-------+
[   20.165319] cloud-init[885]: ci-info: | Route | Destination | Gateway  |     Genmask     | Interface | Flags |
[   20.170632] cloud-init[885]: ci-info: +-------+-------------+----------+-----------------+-----------+-------+
[   20.175703] cloud-init[885]: ci-info: |   0   |   0.0.0.0   | 10.0.2.2 |     0.0.0.0     |   enp0s3  |   UG  |
[   20.185055] cloud-init[885]: ci-info: |   1   |   10.0.2.0  | 0.0.0.0  |  255.255.255.0  |   enp0s3  |   U   |
[   20.196565] cloud-init[885]: ci-info: |   2   |   10.0.2.2  | 0.0.0.0  | 255.255.255.255 |   enp0s3  |   UH  |
[   20.205985] cloud-init[885]: ci-info: +-------+-------------+----------+-----------------+-----------+-------+
[   20.214118] cloud-init[885]: ci-info: +++++++++++++++++++Route IPv6 info+++++++++++++++++++
[   20.221661] cloud-init[885]: ci-info: +-------+-------------+---------+-----------+-------+
[   20.229905] cloud-init[885]: ci-info: | Route | Destination | Gateway | Interface | Flags |
[   20.237412] cloud-init[885]: ci-info: +-------+-------------+---------+-----------+-------+
[   20.244176] cloud-init[885]: ci-info: |   1   |  fe80::/64  |    ::   |   enp0s3  |   U   |
[   20.251564] cloud-init[885]: ci-info: |   3   |    local    |    ::   |   enp0s3  |   U   |
[   20.258320] cloud-init[885]: ci-info: |   4   |   ff00::/8  |    ::   |   enp0s3  |   U   |
[   20.263914] cloud-init[885]: ci-info: +-------+-------------+---------+-----------+-------+
[   21.210974] cloud-init[885]: Generating public/private rsa key pair.
[   21.216819] cloud-init[885]: Your identification has been saved in /etc/ssh/ssh_host_rsa_key.
[   21.230154] cloud-init[885]: Your public key has been saved in /etc/ssh/ssh_host_rsa_key.pub.
[   21.249801] cloud-init[885]: The key fingerprint is:
[   21.272502] cloud-init[885]: SHA256:ILkXZmGJxbsWIZ4S4Cs+WjtZim9XwOt4OAgyNVofWH4 root@ubuntu-bionic
[   21.282413] cloud-init[885]: The key's randomart image is:
[   21.291089] cloud-init[885]: +---[RSA 2048]----+
[   21.299300] cloud-init[885]: |..   ++.         |
[   21.307988] cloud-init[885]: |. . +o+.         |
[   21.317468] cloud-init[885]: | . Boo=o         |
[   21.325480] cloud-init[885]: |  B B=Eo         |
[   21.333697] cloud-init[885]: |.= +.=.oS        |
[[0;32m  OK  [0m] Started Initial cloud-init job (metadata service crawler).
[[0;32m  OK  [0m] Reached target Cloud-config availability.
[[0;32m  OK  [0m] Reached target Network is Online.
[[0;32m  OK  [0m] Reached target Remote File Systems (Pre).
[[0;32m  OK  [0m] Reached target Remote File Systems.
[   21.357512]          Starting Availability of block devices...
[[0;32m  OK  [0m] Reached target System Initialization.
[[0;32m  OK  [0m] Listening on D-Bus System Message Bus Socket.
[[0;32m  OK  [0m] Listening on ACPID Listen Socket.
[[0;32m  OK  [0m] Started ACPI Events Check.
[[0;32m  OK  [0m] Reached target Paths.
[[0;32m  OK  [0m] Listening on cloud-init hotplug hook socket.
[[0;32m  OK  [0m] Started Ubuntu Advantage Timer for running repeated jobs.
[[0;32m  OK  [0m] Started Daily apt download activities.
[[0;32m  OK  [0m] Started Message of the Day.
[[0;32m  OK  [0m] Listening on UUID daemon activation socket.
[[0;32m  OK  [0m] Started Discard unused blocks once a week.
[[0;32m  OK  [0m] Started Daily apt upgrade and clean activities.
         Starting LXD - unix socket.
         Starting Socket activation for snappy daemon.
[[0;32m  OK  [0m] Started Daily Cleanup of Temporary Directories.
[[0;32m  OK  [0m] Reached target Timers.
[[0;32m  OK  [0m] Listening on Open-iSCSI iscsid Socket.
[[0;32m  OK  [0m] Started Availability of block devices.
[[0;32m  OK  [0m] Listening on LXD - unix socket.
[[0;32m  OK  [0m] Listening on Socket activation for snappy daemon.
[[0;32m  OK  [0m] Reached target Sockets.
[[0;32m  OK  [0m] Reached target Basic System.
cloud-init[885]:          Starting Login Service...
         Starting Virtualbox guest utils...
         Starting LSB: Record successful boot for GRUB...
         Starting Permit User Sessions...
|B   +.+          |
[   21.463887] cloud-init[885]: |o*.B o           |
         Starting Dispatcher daemon for systemd-networkd...
[   21.478472] cloud-init[885]: |+.X.+            |
[   21.486546] cloud-init[885]: |.oo=             |[[0;32m  OK  [0m] Started Regular background program processing daemon.
[[0;32m  OK  [0m] Started FUSE filesystem for LXC.
         Starting LSB: automatic crash report generation...
[[0;32m  OK  [0m] Started irqbalance daemon.
[[0;32m  OK  [0m] Started D-Bus System Message Bus.

[   21.537162] cloud-init[885]: +----[SHA256]-----+
[   21.554047] cloud-init[885]: Generating public/private dsa key pair.
[   21.583104] cloud-init[885]: Your identification has been saved in /etc/ssh/ssh_host_dsa_key.
[   21.600844] cloud-init[885]: Your public key has been saved in /etc/ssh/ssh_host_dsa_key.pub.
[   21.615651] cloud-init[885]: The key fingerprint is:
[   21.624745] cloud-init[885]: SHA256:qiSK/YmWy4ow9PygGabgfJNNuqEdrHQdzodQnuwQnvg root@ubuntu-bionic[[0;32m  OK  [0m] Started Login Service.
[[0;32m  OK  [0m] Started Unattended Upgrades Shutdown.

[   21.643284] cloud-init[885]: The key's randomart image is:
[   21.657713] cloud-init[885]: +---[DSA 1024]----+
[[0;32m  OK  [0m] Reached target Login Prompts (Pre).
[   21.670151] cloud-init[885]: |                 |
[   21.678724] cloud-init[885]: |                 |
[   21.686703] cloud-init[885]: |   . .           |
[   21.695037]          Starting Snap Daemon...
[[0;32m  OK  [0m] Started Deferred execution scheduler.
         Starting System Logging Service...
cloud-init         Starting Accounts Service...
[885]: |  o * .          |         Starting Pollinate to seed the pseudo random number generator...

         Starting LXD - container startup/shutdown...
[   21.730946] [[0;32m  OK  [0m] Started Permit User Sessions.
cloud-init[885]: | o = =  S        |
[   21.754816] cloud-init[885]: |. = B.o.         |         Starting Terminate Plymouth Boot Screen...
         Starting Hold until boot process finishes up...

[[0;32m  OK  [0m] Started Hold until boot process finishes up.
         Starting Set console scheme...
[[0;32m  OK  [0m] Started Serial Getty on ttyS0.
[   21.823766] cloud-init[[0;32m  OK  [0m] Started Terminate Plymouth Boot Screen.
[885]: |++.E**..         |
[   21.846952] cloud-init[885]: |@=@O=+.          |
[   21.861042] cloud-init[885]: |*X*=*.           |[[0;32m  OK  [0m] Started System Logging Service.

[   21.885616] cloud-init[885]: +----[SHA256]-----+
[   21.897400] cloud-init[885]: Generating public/private ecdsa key pair.
[   21.912912] cloud-init[885]: Your identification has been saved in /etc/ssh/ssh_host_ecdsa_key.
[   21.931188] cloud-init[885]: Your public key has been saved in /etc/ssh/ssh_host_ecdsa_key.pub.
[   22.094109] cloud-init[885]: The key fingerprint is:
[   22.104753] [[0;32m  OK  [0m] Started LSB: automatic crash report generation.
[[0;32m  OK  [0m] Started Set console scheme.
[[0;32m  OK  [0m] Created slice system-getty.slice.
[[0;32m  OK  [0m] Started Getty on tty1.
[[0;32m  OK  [0m] Reached target Login Prompts.
cloud-init[885]: SHA256:2aGKMTTBZP3h78S3+JxusDbN55GHrho3wDI8Qi74ehw root@ubuntu-bionic
[   22.126254] cloud-init[885]: The key's randomart image is:
[   22.140627] cloud-init[885]: +---[ECDSA 256]---+
[   22.154291] cloud-init[885]: |   o+.           |
[[0;32m  OK  [0m] Started LSB: Record successful boot for GRUB.
[   22.170660] cloud-init[885]: |   .... .        |
[   22.181957] cloud-init[885]: |    o .o ..      |
[   22.190214] cloud-init[885]: |   o + .o= .     |
[   22.200788] cloud-init[885]: |  . + o So+      |
[   22.219074] cloud-init[885]: |   .E= o +=..  o |
[   22.234572]          Starting Authorization Manager...
cloud-init[885]: |   .o..  o.Bo.+ .|
[   22.247821] cloud-init[885]: |   .o     *+=+.o |
[   22.255404] cloud-init[885]: |  ..     ..**+o  |
[   22.268963] cloud-init[885]: +----[SHA256]-----+
[   22.275575] cloud-init[885]: Generating public/private ed25519 key pair.
[   22.292941] cloud-init[885]: Your identification has been saved in /etc/ssh/ssh_host_ed25519_key.
[   22.321510] cloud-init[885]: Your public key has been saved in /etc/ssh/ssh_host_ed25519_key.pub.
[   22.327344] cloud-init[885]: The key fingerprint is:
[   22.337580] cloud-init[885]: SHA256:tsZw5GD3qxLZVoOuFjU/1YnDp3eVNNgW3CGtxTf4I3k root@ubuntu-bionic
[   22.344876] cloud-init[885]: The key's randomart image is:
[   22.348934] cloud-init[885]: +--[ED25519 256]--+
[   22.353224] cloud-init[885]: |             .Bo+|
[   22.357756] cloud-init[885]: |             o.@o|
[   22.361183] cloud-init[885]: |      o o. . oB.=|
[   22.373132] cloud-init[885]: |     . =+.o =++E.|
[   22.381243] cloud-init[885]: |      .=S+.o +o o|
[   22.397346] cloud-init[885]: |      +=+.o.. . .|
[   22.407030] cloud-init[885]: |       =+ .. . . |
[   22.416374] cloud-init[885]: |      +. .       |[[0;32m  OK  [0m] Started Virtualbox guest utils.

[   22.441254] cloud-init[885]: |     . ..        |
[   22.460924] cloud-init[885]: +----[SHA256]-----+
[[0;32m  OK  [0m] Started Authorization Manager.
[[0;32m  OK  [0m] Started Accounts Service.
[[0;32m  OK  [0m] Started Dispatcher daemon for systemd-networkd.
[[0;32m  OK  [0m] Started LXD - container startup/shutdown.
[[0;32m  OK  [0m] Started Snap Daemon.
         Starting Wait until snapd is fully seeded...
         Starting Time & Date Service...
[[0;32m  OK  [0m] Started Time & Date Service.
[[0;32m  OK  [0m] Started Pollinate to seed the pseudo random number generator.
         Starting OpenBSD Secure Shell server...
[[0;32m  OK  [0m] Started OpenBSD Secure Shell server.
[[0;32m  OK  [0m] Created slice User Slice of vagrant.
         Starting User Manager for UID 1000...
[[0;32m  OK  [0m] Started Session 1 of user vagrant.
[[0;32m  OK  [0m] Started User Manager for UID 1000.

Ubuntu 18.04.6 LTS ubuntu-bionic ttyS0

ubuntu-bionic login: [   30.394680] cloud-init[1429]: Cloud-init v. 23.1.2-0ubuntu0~18.04.1 running 'modules:config' at Fri, 05 Apr 2024 23:14:49 +0000. Up 29.43 seconds.
ci-info: no authorized SSH keys fingerprints found for user ubuntu.
<14>Apr  5 23:14:51 cloud-init: #############################################################
<14>Apr  5 23:14:51 cloud-init: -----BEGIN SSH HOST KEY FINGERPRINTS-----
<14>Apr  5 23:14:51 cloud-init: 1024 SHA256:qiSK/YmWy4ow9PygGabgfJNNuqEdrHQdzodQnuwQnvg root@ubuntu-bionic (DSA)
<14>Apr  5 23:14:51 cloud-init: 256 SHA256:2aGKMTTBZP3h78S3+JxusDbN55GHrho3wDI8Qi74ehw root@ubuntu-bionic (ECDSA)
<14>Apr  5 23:14:51 cloud-init: 256 SHA256:tsZw5GD3qxLZVoOuFjU/1YnDp3eVNNgW3CGtxTf4I3k root@ubuntu-bionic (ED25519)
<14>Apr  5 23:14:51 cloud-init: 2048 SHA256:ILkXZmGJxbsWIZ4S4Cs+WjtZim9XwOt4OAgyNVofWH4 root@ubuntu-bionic (RSA)
<14>Apr  5 23:14:51 cloud-init: -----END SSH HOST KEY FINGERPRINTS-----
<14>Apr  5 23:14:51 cloud-init: #############################################################
-----BEGIN SSH HOST KEY KEYS-----
ecdsa-sha2-nistp256 AAAAE2VjZHNhLXNoYTItbmlzdHAyNTYAAAAIbmlzdHAyNTYAAABBBACMkmrLmKB7TlJ1WqRMMW9dZK0+BdmNEw5GHr5FlmKniVIilwscJQ1HrKnBw7SNr0rNUEADVyN8JkcPogtdKxQ= root@ubuntu-bionic
ssh-ed25519 AAAAC3NzaC1lZDI1NTE5AAAAIK1854CveSjxVW4MltqTkVNx6O+uBU4eT8jJj6Dx1n6/ root@ubuntu-bionic
ssh-rsa AAAAB3NzaC1yc2EAAAADAQABAAABAQDkt2DlY+01GHTqyVi3Xc7iLDuvIANkfnDljoda2OyGEX33aSa7nbnXpbCqzSZSmJNdeOisQ3TlrlAcGZCxIM7+CGpd+7rIfTWFnT7710mDuJTboK9H3ViAHwr0nt+gu/slzUXtvX0ow8h3OsxgYcu5YJeuqAX23dv94YZ8zZDrgYoVWqaTnOZ75TKAQJnulrrNfElTInvKsXDJv7a5d/YySbDL02gJYHYNgQgiHa7ZJa0I8RaAjQXk6xsWwr5MvGMLxU+5BXldIzA0zZ5Dpe21WOCEGuXA7ZgqoqYywZimhNbUsBRhS/Bcratlyu9bclmuDq4UCNxBxAUhqy2WKilX root@ubuntu-bionic
-----END SSH HOST KEY KEYS-----
[   31.809691] cloud-init[1551]: Cloud-init v. 23.1.2-0ubuntu0~18.04.1 running 'modules:final' at Fri, 05 Apr 2024 23:14:51 +0000. Up 31.38 seconds.
[   31.824259] cloud-init[1551]: Cloud-init v. 23.1.2-0ubuntu0~18.04.1 finished at Fri, 05 Apr 2024 23:14:51 +0000. Datasource DataSourceNoCloud [seed=/dev/sdb][dsmode=net].  Up 31.79 seconds
[[0;32m  OK  [0m] Stopped target Graphical Interface.
[[0;32m  OK  [0m] Stopped target Cloud-init target.
[[0;32m  OK  [0m] Stopped target Host and Network Name Lookups.
         Stopping Availability of block devices...
         Stopping Authorization Manager...
[[0;32m  OK  [0m] Closed Load/Save RF Kill Switch Status /dev/rfkill Watch.
[[0;32m  OK  [0m] Stopped target Timers.
[[0;32m  OK  [0m] Stopped Ubuntu Advantage Timer for running repeated jobs.
[[0;32m  OK  [0m] Stopped Message of the Day.
[[0;32m  OK  [0m] Stopped Discard unused blocks once a week.
[[0;32m  OK  [0m] Stopped Daily Cleanup of Temporary Directories.
[[0;32m  OK  [0m] Stopped Daily apt upgrade and clean activities.
[[0;32m  OK  [0m] Stopped Daily apt download activities.
[[0;32m  OK  [0m] Stopped target System Time Synchronized.
         Stopping Accounts Service...
         Stopping User Manager for UID 1000...
[[0;32m  OK  [0m] Stopped Execute cloud user/final scripts.
[[0;32m  OK  [0m] Stopped Apply the settings specified in cloud-config.
[[0;32m  OK  [0m] Stopped target Cloud-config availability.
[[0;32m  OK  [0m] Stopped target Multi-User System.
         Stopping Deferred execution scheduler...
         Stopping Virtualbox guest utils...
         Stopping LXD - container startup/shutdown...
         Stopping A high performance web server and a reverse proxy server...
         Stopping System Logging Service...
[[0;32m  OK  [0m] Stopped Wait until snapd is fully seeded.
         Stopping LSB: automatic crash report generation...
         Stopping OpenBSD Secure Shell server...
         Stopping Regular background program processing daemon...
         Stopping D-Bus System Message Bus...
         Stopping Dispatcher daemon for systemd-networkd...
         Stopping LSB: Record successful boot for GRUB...
[[0;32m  OK  [0m] Stopped target Login Prompts.
         Stopping Getty on tty1...
         Stopping Serial Getty on ttyS0...
         Stopping FUSE filesystem for LXC...
         Stopping irqbalance daemon...
         Stopping Session 15 of user vagrant.
[[0;32m  OK  [0m] Stopped Regular background program processing daemon.
[[0;32m  OK  [0m] Stopped Deferred execution scheduler.
[[0;32m  OK  [0m] Stopped irqbalance daemon.
[[0;32m  OK  [0m] Stopped Accounts Service.
[[0;32m  OK  [0m] Stopped Authorization Manager.
[[0;32m  OK  [0m] Stopped D-Bus System Message Bus.
[[0;32m  OK  [0m] Stopped Getty on tty1.
[[0;32m  OK  [0m] Unmounted /var/lib/lxcfs.
[[0;32m  OK  [0m] Stopped Dispatcher daemon for systemd-networkd.
[[0;32m  OK  [0m] Stopped System Logging Service.
[[0;32m  OK  [0m] Stopped Serial Getty on ttyS0.
[[0;32m  OK  [0m] Stopped OpenBSD Secure Shell server.
[[0;32m  OK  [0m] Stopped User Manager for UID 1000.
[[0;32m  OK  [0m] Stopped FUSE filesystem for LXC.
[[0;32m  OK  [0m] Stopped Session 15 of user vagrant.
[[0;32m  OK  [0m] Removed slice User Slice of vagrant.
         Stopping Login Service...
[[0;32m  OK  [0m] Removed slice system-serial\x2dgetty.slice.
[[0;32m  OK  [0m] Removed slice system-getty.slice.
[[0;32m  OK  [0m] Stopped target Login Prompts (Pre).
         Stopping Permit User Sessions...
[[0;32m  OK  [0m] Stopped LXD - container startup/shutdown.
[[0;32m  OK  [0m] Stopped A high performance web server and a reverse proxy server.
[[0;32m  OK  [0m] Stopped Permit User Sessions.
[[0;32m  OK  [0m] Stopped LSB: Record successful boot for GRUB.
[[0;32m  OK  [0m] Stopped Login Service.
[[0;32m  OK  [0m] Stopped target User and Group Name Lookups.
[[0;32m  OK  [0m] Stopped LSB: automatic crash report generation.
[[0;32m  OK  [0m] Stopped target Remote File Systems.
         Unmounting /vagrant...
[[0;32m  OK  [0m] Stopped Availability of block devices.
[[0;32m  OK  [0m] Unmounted /vagrant.
[[0;32m  OK  [0m] Stopped target Network is Online.
[[0;32m  OK  [0m] Stopped target Network.
         Stopping Network Name Resolution...
[[0;32m  OK  [0m] Stopped target Remote File Systems (Pre).
[[0;32m  OK  [0m] Stopped Network Name Resolution.
         Stopping Network Service...
[[0;32m  OK  [0m] Stopped Virtualbox guest utils.
[[0;32m  OK  [0m] Stopped target Basic System.
[[0;32m  OK  [0m] Stopped target Slices.
[[0;32m  OK  [0m] Removed slice User and Session Slice.
[[0;32m  OK  [0m] Stopped target Sockets.
[[0;32m  OK  [0m] Closed Syslog Socket.
[[0;32m  OK  [0m] Closed cloud-init hotplug hook socket.
[[0;32m  OK  [0m] Closed Open-iSCSI iscsid Socket.
[[0;32m  OK  [0m] Closed UUID daemon activation socket.
[[0;32m  OK  [0m] Closed LXD - unix socket.
[[0;32m  OK  [0m] Closed Socket activation for snappy daemon.
[[0;32m  OK  [0m] Closed ACPID Listen Socket.
[[0;32m  OK  [0m] Closed D-Bus System Message Bus Socket.
[[0;32m  OK  [0m] Stopped target Paths.
[[0;32m  OK  [0m] Stopped ACPI Events Check.
[[0;32m  OK  [0m] Stopped target System Initialization.
         Stopping Update UTMP about System Boot/Shutdown...
[[0;32m  OK  [0m] Stopped Initial cloud-init job (metadata service crawler).
[[0;32m  OK  [0m] Stopped Commit a transient machine-id on disk.
         Stopping Load/Save Random Seed...
[[0;32m  OK  [0m] Stopped target Local Encrypted Volumes.
[[0;32m  OK  [0m] Stopped Dispatch Password Requests to Console Directory Watch.
[[0;32m  OK  [0m] Stopped Forward Password Requests to Wall Directory Watch.
[[0;32m  OK  [0m] Stopped Network Service.
[[0;32m  OK  [0m] Stopped Update UTMP about System Boot/Shutdown.
[[0;32m  OK  [0m] Stopped Create Volatile Files and Directories.
[[0;32m  OK  [0m] Stopped target Local File Systems.
         Unmounting /run/user/1000...
[[0;32m  OK  [0m] Stopped target Mounted snaps.
[[0;32m  OK  [0m] Stopped target Mounting snaps.
[[0;32m  OK  [0m] Stopped Apply Kernel Variables.
[[0;32m  OK  [0m] Stopped Load Kernel Modules.
[[0;32m  OK  [0m] Stopped target Network (Pre).
[[0;32m  OK  [0m] Stopped Initial cloud-init job (pre-networking).
[[0;32m  OK  [0m] Stopped Load/Save Random Seed.
[[0;32m  OK  [0m] Unmounted /run/user/1000.
[[0;32m  OK  [0m] Reached target Unmount All Filesystems.
[[0;32m  OK  [0m] Stopped target Swap.
[[0;32m  OK  [0m] Stopped target Local File Systems (Pre).
[[0;32m  OK  [0m] Stopped Create Static Device Nodes in /dev.
         Stopping Monitoring of LVM2 mirrors…ng dmeventd or progress polling...
[[0;32m  OK  [0m] Stopped Remount Root and Kernel File Systems.
[[0;32m  OK  [0m] Reached target Shutdown.
[[0;32m  OK  [0m] Reached target Final Step.
         Starting Power-Off...
[[0;32m  OK  [0m] Stopped Monitoring of LVM2 mirrors,…sing dmeventd or progress polling.
[11700.538481] reboot: Power down
